<?xml version="1.0" encoding="UTF-8"?>
<!-- Generated by org.testng.reporters.JUnitXMLReporter -->
<testsuite hostname="BLTPG00TMEG" name="Default test" tests="6" failures="0" timestamp="23 May 2018 18:12:29 GMT" time="88.699" errors="0">
  <testcase name="Home_page_Titel_Test" time="17.195" classname="TestCases_POM.Home_Test"/>
  <testcase name="Home_page_Titel_Test" time="0.002" classname="TestCases_POM.Home_Test">
    <skipped/>
  </testcase> <!-- Home_page_Titel_Test -->
  <testcase name="Task_page_Titel_Test" time="17.808" classname="TestCases_POM.Home_Test"/>
  <testcase name="Task_page_Titel_Test" time="0.002" classname="TestCases_POM.Home_Test">
    <skipped/>
  </testcase> <!-- Task_page_Titel_Test -->
  <testcase name="Contact_page_Titel_Test" time="19.893" classname="TestCases_POM.Home_Test"/>
  <testcase name="Contact_page_Titel_Test" time="0.002" classname="TestCases_POM.Home_Test">
    <skipped/>
  </testcase> <!-- Contact_page_Titel_Test -->
</testsuite> <!-- Default test -->
